<?xml version="1.0" encoding="UTF-8"?>
<!-- Generated by org.testng.reporters.JUnitXMLReporter -->
<testsuite hostname="MININT-Q7F0K2O" ignored="0" name="Test" tests="3" failures="0" timestamp="21 Dec 2018 17:42:11 GMT" time="54.205" errors="0">
  <testcase name="feature" time="32.977" classname="cucumber.api.testng.AbstractTestNGCucumberTests"/>
  <testcase name="feature" time="9.962" classname="cucumber.api.testng.AbstractTestNGCucumberTests"/>
  <testcase name="feature" time="10.787" classname="cucumber.api.testng.AbstractTestNGCucumberTests"/>
</testsuite> <!-- Test -->
